Using pre-set license
Built from '2020.2/release' branch; Version is '2020.2.1f1 (270dd8c3da1c) revision 2559448'; Using compiler version '192528614'; Build Type 'Release'
OS: 'Windows 10  (10.0.0) 64bit' Language: 'en' Physical Memory: 8071 MB
BatchMode: 1, IsHumanControllingUs: 0, StartBugReporterOnCrash: 0, Is64bit: 1, IsPro: 0

 COMMAND LINE ARGUMENTS:
C:\Program Files\Unity\Hub\Editor\2020.2.1f1\Editor\Unity.exe
-adb2
-batchMode
-noUpm
-name
AssetImportWorker0
-projectPath
C:/Users/Laptop/Desktop/Test/Test
-logFile
Logs/AssetImportWorker0.log
-srvPort
60146
Successfully changed project path to: C:/Users/Laptop/Desktop/Test/Test
C:/Users/Laptop/Desktop/Test/Test
Using Asset Import Pipeline V2.
Refreshing native plugins compatible for Editor in 108.10 ms, found 0 plugins.
Preloading 0 native plugins for Editor in 0.00 ms.
Initialize engine version: 2020.2.1f1 (270dd8c3da1c)
[Subsystems] Discovering subsystems at path C:/Program Files/Unity/Hub/Editor/2020.2.1f1/Editor/Data/Resources/UnitySubsystems
[Subsystems] Discovering subsystems at path C:/Users/Laptop/Desktop/Test/Test/Assets
GfxDevice: creating device client; threaded=0
Direct3D:
    Version:  Direct3D 11.0 [level 11.0]
    Renderer: Intel(R) HD Graphics 4000 (ID=0x166)
    Vendor:   
    VRAM:     128 MB
    Driver:   10.18.10.4358
Initialize mono
Mono path[0] = 'C:/Program Files/Unity/Hub/Editor/2020.2.1f1/Editor/Data/Managed'
Mono path[1] = 'C:/Program Files/Unity/Hub/Editor/2020.2.1f1/Editor/Data/MonoBleedingEdge/lib/mono/unityjit'
Mono config path = 'C:/Program Files/Unity/Hub/Editor/2020.2.1f1/Editor/Data/MonoBleedingEdge/etc'
Using monoOptions --debugger-agent=transport=dt_socket,embedding=1,server=y,suspend=n,address=127.0.0.1:56572
Begin MonoManager ReloadAssembly
Registering precompiled unity dll's ...
Register platform support module: C:/Program Files/Unity/Hub/Editor/2020.2.1f1/Editor/Data/PlaybackEngines/WindowsStandaloneSupport/UnityEditor.WindowsStandalone.Extensions.dll
Registered in 0.008831 seconds.
Native extension for WindowsStandalone target not found
Refreshing native plugins compatible for Editor in 113.76 ms, found 0 plugins.
Preloading 0 native plugins for Editor in 0.00 ms.
Invoked RoslynAnalysisRunner static constructor.
RoslynAnalysisRunner will not be running.
RoslynAnalysisRunner has terminated.
Mono: successfully reloaded assembly
- Completed reload, in  5.819 seconds
Platform modules already initialized, skipping
Registering precompiled user dll's ...
Registered in 0.005485 seconds.
Begin MonoManager ReloadAssembly
Native extension for WindowsStandalone target not found
Refreshing native plugins compatible for Editor in 0.75 ms, found 0 plugins.
Preloading 0 native plugins for Editor in 0.00 ms.
Invoked RoslynAnalysisRunner static constructor.
RoslynAnalysisRunner will not be running.
RoslynAnalysisRunner has terminated.
Mono: successfully reloaded assembly
- Completed reload, in  5.521 seconds
Platform modules already initialized, skipping
========================================================================
Worker process is ready to serve import requests
Launched and connected shader compiler UnityShaderCompiler.exe after 0.09 seconds
Refreshing native plugins compatible for Editor in 0.79 ms, found 0 plugins.
Preloading 0 native plugins for Editor in 0.00 ms.
Unloading 1094 Unused Serialized files (Serialized files now loaded: 0)
System memory in use before: 56.0 MB.
System memory in use after: 56.1 MB.

Unloading 10 unused Assets to reduce memory usage. Loaded Objects now: 1534.
Total: 5.150000 ms (FindLiveObjects: 0.487600 ms CreateObjectMapping: 0.240900 ms MarkObjects: 4.238500 ms  DeleteObjects: 0.174100 ms)

========================================================================
Received Import Request.
  path: Assets/Scripts
  artifactKey: Guid(374da971b5d05e049b6703fc8441908d) Importer(815301076,1909f56bfc062723c751e8b465ee728b)
Start importing Assets/Scripts using Guid(374da971b5d05e049b6703fc8441908d) Importer(815301076,1909f56bfc062723c751e8b465ee728b)  -> (artifact id: 'f57b0373073bbc8b8a7e033db6546800') in 0.030228 seconds
  Import took 0.037129 seconds .

========================================================================
Received Import Request.
  Time since last request: 14.313835 seconds.
  path: Assets/Scripts/ButtonWork.cs
  artifactKey: Guid(add9459a643de6b40ba85c1a7cb0114d) Importer(815301076,1909f56bfc062723c751e8b465ee728b)
Start importing Assets/Scripts/ButtonWork.cs using Guid(add9459a643de6b40ba85c1a7cb0114d) Importer(815301076,1909f56bfc062723c751e8b465ee728b)  -> (artifact id: 'fb2a925a3d8d026fdc3bb76da6eefc5b') in 1.405647 seconds
  Import took 1.523723 seconds .

========================================================================
Received Prepare
Registering precompiled user dll's ...
Registered in 0.004710 seconds.
Begin MonoManager ReloadAssembly
Native extension for WindowsStandalone target not found
Refreshing native plugins compatible for Editor in 1.24 ms, found 0 plugins.
Preloading 0 native plugins for Editor in 0.00 ms.
Invoked RoslynAnalysisRunner static constructor.
RoslynAnalysisRunner will not be running.
RoslynAnalysisRunner has terminated.
Mono: successfully reloaded assembly
- Completed reload, in  5.300 seconds
Platform modules already initialized, skipping
Refreshing native plugins compatible for Editor in 0.84 ms, found 0 plugins.
Preloading 0 native plugins for Editor in 0.00 ms.
Unloading 1090 Unused Serialized files (Serialized files now loaded: 0)
System memory in use before: 56.1 MB.
System memory in use after: 56.2 MB.

Unloading 5 unused Assets to reduce memory usage. Loaded Objects now: 1537.
Total: 5.049900 ms (FindLiveObjects: 0.382600 ms CreateObjectMapping: 0.223300 ms MarkObjects: 4.263200 ms  DeleteObjects: 0.176300 ms)

========================================================================
Received Import Request.
  Time since last request: 230.384436 seconds.
  path: Assets/Scripts/TextWlork.cs
  artifactKey: Guid(21757d7d8567752458725dc98bb17b94) Importer(815301076,1909f56bfc062723c751e8b465ee728b)
Start importing Assets/Scripts/TextWlork.cs using Guid(21757d7d8567752458725dc98bb17b94) Importer(815301076,1909f56bfc062723c751e8b465ee728b)  -> (artifact id: '2ad13b16535fc70419496b8d71cdf49d') in 0.144345 seconds
  Import took 0.393070 seconds .

========================================================================
Received Import Request.
  Time since last request: 61.185734 seconds.
  path: Assets/Scripts/TextWork.cs
  artifactKey: Guid(21757d7d8567752458725dc98bb17b94) Importer(815301076,1909f56bfc062723c751e8b465ee728b)
Start importing Assets/Scripts/TextWork.cs using Guid(21757d7d8567752458725dc98bb17b94) Importer(815301076,1909f56bfc062723c751e8b465ee728b)  -> (artifact id: 'f6866bb5a3e333de7a307b27641b6be3') in 0.120585 seconds
  Import took 0.174276 seconds .

========================================================================
Received Prepare
Registering precompiled user dll's ...
Registered in 0.002629 seconds.
Begin MonoManager ReloadAssembly
Native extension for WindowsStandalone target not found
Refreshing native plugins compatible for Editor in 0.80 ms, found 0 plugins.
Preloading 0 native plugins for Editor in 0.00 ms.
Invoked RoslynAnalysisRunner static constructor.
RoslynAnalysisRunner will not be running.
RoslynAnalysisRunner has terminated.
Mono: successfully reloaded assembly
- Completed reload, in  4.466 seconds
Platform modules already initialized, skipping
Refreshing native plugins compatible for Editor in 1.30 ms, found 0 plugins.
Preloading 0 native plugins for Editor in 0.00 ms.
Unloading 1091 Unused Serialized files (Serialized files now loaded: 0)
System memory in use before: 56.2 MB.
System memory in use after: 56.3 MB.

Unloading 5 unused Assets to reduce memory usage. Loaded Objects now: 1540.
Total: 14.148500 ms (FindLiveObjects: 0.748200 ms CreateObjectMapping: 0.407500 ms MarkObjects: 12.836200 ms  DeleteObjects: 0.151400 ms)

========================================================================
Received Import Request.
  Time since last request: 129.352243 seconds.
  path: Assets/Scripts/TextWork.cs
  artifactKey: Guid(21757d7d8567752458725dc98bb17b94) Importer(815301076,1909f56bfc062723c751e8b465ee728b)
Start importing Assets/Scripts/TextWork.cs using Guid(21757d7d8567752458725dc98bb17b94) Importer(815301076,1909f56bfc062723c751e8b465ee728b)  -> (artifact id: 'f331e672a70fdc6a33419bd0221af6e2') in 0.070348 seconds
  Import took 0.092652 seconds .

========================================================================
Received Prepare
Registering precompiled user dll's ...
Registered in 0.003604 seconds.
Begin MonoManager ReloadAssembly
Native extension for WindowsStandalone target not found
Refreshing native plugins compatible for Editor in 0.55 ms, found 0 plugins.
Preloading 0 native plugins for Editor in 0.00 ms.
Invoked RoslynAnalysisRunner static constructor.
RoslynAnalysisRunner will not be running.
RoslynAnalysisRunner has terminated.
Mono: successfully reloaded assembly
- Completed reload, in  3.991 seconds
Platform modules already initialized, skipping
Refreshing native plugins compatible for Editor in 1.24 ms, found 0 plugins.
Preloading 0 native plugins for Editor in 0.00 ms.
Unloading 1091 Unused Serialized files (Serialized files now loaded: 0)
System memory in use before: 56.3 MB.
System memory in use after: 56.4 MB.

Unloading 5 unused Assets to reduce memory usage. Loaded Objects now: 1542.
Total: 4.654400 ms (FindLiveObjects: 0.452200 ms CreateObjectMapping: 0.211000 ms MarkObjects: 3.866300 ms  DeleteObjects: 0.119700 ms)

========================================================================
Received Import Request.
  Time since last request: 358.260313 seconds.
  path: Assets/Scripts/TextWork.cs
  artifactKey: Guid(21757d7d8567752458725dc98bb17b94) Importer(815301076,1909f56bfc062723c751e8b465ee728b)
Start importing Assets/Scripts/TextWork.cs using Guid(21757d7d8567752458725dc98bb17b94) Importer(815301076,1909f56bfc062723c751e8b465ee728b)  -> (artifact id: '47336c2229ee20c3c988e19132684ad5') in 0.031482 seconds
  Import took 0.042684 seconds .

========================================================================
Received Import Request.
  Time since last request: 13.712590 seconds.
  path: Assets/Scripts/ClicksManager.cs
  artifactKey: Guid(3a56079ba7d27bb47b5bd8f656d3011a) Importer(815301076,1909f56bfc062723c751e8b465ee728b)
Start importing Assets/Scripts/ClicksManager.cs using Guid(3a56079ba7d27bb47b5bd8f656d3011a) Importer(815301076,1909f56bfc062723c751e8b465ee728b)  -> (artifact id: '868ff04eb16d7738a6e10c4a09263cf2') in 0.405852 seconds
  Import took 0.549510 seconds .

========================================================================
Received Prepare
Registering precompiled user dll's ...
Registered in 0.004870 seconds.
Begin MonoManager ReloadAssembly
Native extension for WindowsStandalone target not found
Refreshing native plugins compatible for Editor in 0.60 ms, found 0 plugins.
Preloading 0 native plugins for Editor in 0.00 ms.
Invoked RoslynAnalysisRunner static constructor.
RoslynAnalysisRunner will not be running.
RoslynAnalysisRunner has terminated.
Mono: successfully reloaded assembly
- Completed reload, in  4.293 seconds
Platform modules already initialized, skipping
Refreshing native plugins compatible for Editor in 0.79 ms, found 0 plugins.
Preloading 0 native plugins for Editor in 0.00 ms.
Unloading 1092 Unused Serialized files (Serialized files now loaded: 0)
System memory in use before: 56.4 MB.
System memory in use after: 56.5 MB.

Unloading 5 unused Assets to reduce memory usage. Loaded Objects now: 1545.
Total: 4.957800 ms (FindLiveObjects: 0.527400 ms CreateObjectMapping: 0.137100 ms MarkObjects: 4.170600 ms  DeleteObjects: 0.117400 ms)

========================================================================
Received Prepare
Registering precompiled user dll's ...
Registered in 0.004247 seconds.
Begin MonoManager ReloadAssembly
Native extension for WindowsStandalone target not found
Refreshing native plugins compatible for Editor in 0.74 ms, found 0 plugins.
Preloading 0 native plugins for Editor in 0.00 ms.
Invoked RoslynAnalysisRunner static constructor.
RoslynAnalysisRunner will not be running.
RoslynAnalysisRunner has terminated.
Mono: successfully reloaded assembly
- Completed reload, in  4.488 seconds
Platform modules already initialized, skipping
Refreshing native plugins compatible for Editor in 1.19 ms, found 0 plugins.
Preloading 0 native plugins for Editor in 0.00 ms.
Unloading 1092 Unused Serialized files (Serialized files now loaded: 0)
System memory in use before: 56.5 MB.
System memory in use after: 56.6 MB.

Unloading 5 unused Assets to reduce memory usage. Loaded Objects now: 1547.
Total: 6.195000 ms (FindLiveObjects: 1.300700 ms CreateObjectMapping: 0.312500 ms MarkObjects: 4.453800 ms  DeleteObjects: 0.123500 ms)

========================================================================
Received Prepare
Registering precompiled user dll's ...
Registered in 0.003366 seconds.
Begin MonoManager ReloadAssembly
Native extension for WindowsStandalone target not found
Refreshing native plugins compatible for Editor in 0.89 ms, found 0 plugins.
Preloading 0 native plugins for Editor in 0.00 ms.
Invoked RoslynAnalysisRunner static constructor.
RoslynAnalysisRunner will not be running.
RoslynAnalysisRunner has terminated.
Mono: successfully reloaded assembly
- Completed reload, in  4.967 seconds
Platform modules already initialized, skipping
Refreshing native plugins compatible for Editor in 0.88 ms, found 0 plugins.
Preloading 0 native plugins for Editor in 0.00 ms.
Unloading 1092 Unused Serialized files (Serialized files now loaded: 0)
System memory in use before: 56.6 MB.
System memory in use after: 56.6 MB.

Unloading 5 unused Assets to reduce memory usage. Loaded Objects now: 1549.
Total: 8.645200 ms (FindLiveObjects: 0.596500 ms CreateObjectMapping: 0.231500 ms MarkObjects: 7.637500 ms  DeleteObjects: 0.174600 ms)

========================================================================
Received Prepare
Registering precompiled user dll's ...
Registered in 0.002425 seconds.
Begin MonoManager ReloadAssembly
Native extension for WindowsStandalone target not found
Refreshing native plugins compatible for Editor in 0.56 ms, found 0 plugins.
Preloading 0 native plugins for Editor in 0.00 ms.
Invoked RoslynAnalysisRunner static constructor.
RoslynAnalysisRunner will not be running.
RoslynAnalysisRunner has terminated.
Mono: successfully reloaded assembly
- Completed reload, in  4.414 seconds
Platform modules already initialized, skipping
Refreshing native plugins compatible for Editor in 1.26 ms, found 0 plugins.
Preloading 0 native plugins for Editor in 0.00 ms.
Unloading 1092 Unused Serialized files (Serialized files now loaded: 0)
System memory in use before: 56.6 MB.
System memory in use after: 56.7 MB.

Unloading 5 unused Assets to reduce memory usage. Loaded Objects now: 1551.
Total: 5.123800 ms (FindLiveObjects: 0.296200 ms CreateObjectMapping: 0.113900 ms MarkObjects: 4.595200 ms  DeleteObjects: 0.114400 ms)

========================================================================
Received Prepare
Registering precompiled user dll's ...
Registered in 0.003860 seconds.
Begin MonoManager ReloadAssembly
Native extension for WindowsStandalone target not found
Refreshing native plugins compatible for Editor in 0.54 ms, found 0 plugins.
Preloading 0 native plugins for Editor in 0.00 ms.
Invoked RoslynAnalysisRunner static constructor.
RoslynAnalysisRunner will not be running.
RoslynAnalysisRunner has terminated.
Mono: successfully reloaded assembly
- Completed reload, in  6.333 seconds
Platform modules already initialized, skipping
Refreshing native plugins compatible for Editor in 0.79 ms, found 0 plugins.
Preloading 0 native plugins for Editor in 0.00 ms.
Unloading 1092 Unused Serialized files (Serialized files now loaded: 0)
System memory in use before: 56.7 MB.
System memory in use after: 56.8 MB.

Unloading 5 unused Assets to reduce memory usage. Loaded Objects now: 1553.
Total: 4.287100 ms (FindLiveObjects: 0.380200 ms CreateObjectMapping: 0.118200 ms MarkObjects: 3.672800 ms  DeleteObjects: 0.112000 ms)

========================================================================
Received Import Request.
  Time since last request: 977.914195 seconds.
  path: Assets/Scenes/Scene2.unity
  artifactKey: Guid(a5e9c04764c0125469a582be343dcce4) Importer(815301076,1909f56bfc062723c751e8b465ee728b)
Start importing Assets/Scenes/Scene2.unity using Guid(a5e9c04764c0125469a582be343dcce4) Importer(815301076,1909f56bfc062723c751e8b465ee728b)  -> (artifact id: 'c8cfb97f46ef688a3da72a41da5cc770') in 0.086871 seconds
  Import took 0.094808 seconds .

========================================================================
Received Import Request.
  Time since last request: 134.958756 seconds.
  path: Assets/Scripts/CubeManager.cs
  artifactKey: Guid(c5504fd021280d54f9ecf5fb36e0b951) Importer(815301076,1909f56bfc062723c751e8b465ee728b)
Start importing Assets/Scripts/CubeManager.cs using Guid(c5504fd021280d54f9ecf5fb36e0b951) Importer(815301076,1909f56bfc062723c751e8b465ee728b)  -> (artifact id: 'fd67539e183cc97d465d24709ef5994b') in 0.099812 seconds
  Import took 0.139298 seconds .

========================================================================
Received Prepare
Registering precompiled user dll's ...
Registered in 0.002819 seconds.
Begin MonoManager ReloadAssembly
Native extension for WindowsStandalone target not found
Refreshing native plugins compatible for Editor in 0.56 ms, found 0 plugins.
Preloading 0 native plugins for Editor in 0.00 ms.
Invoked RoslynAnalysisRunner static constructor.
RoslynAnalysisRunner will not be running.
RoslynAnalysisRunner has terminated.
Mono: successfully reloaded assembly
- Completed reload, in  4.288 seconds
Platform modules already initialized, skipping
Refreshing native plugins compatible for Editor in 0.82 ms, found 0 plugins.
Preloading 0 native plugins for Editor in 0.00 ms.
Unloading 1093 Unused Serialized files (Serialized files now loaded: 0)
System memory in use before: 56.8 MB.
System memory in use after: 56.9 MB.

Unloading 5 unused Assets to reduce memory usage. Loaded Objects now: 1556.
Total: 6.811200 ms (FindLiveObjects: 0.594500 ms CreateObjectMapping: 0.206900 ms MarkObjects: 5.891900 ms  DeleteObjects: 0.113800 ms)

========================================================================
Received Import Request.
  Time since last request: 40.425468 seconds.
  path: Assets/Scripts/Scene1
  artifactKey: Guid(7e0f5010bd2f1ab4b948407568d195d9) Importer(815301076,1909f56bfc062723c751e8b465ee728b)
Start importing Assets/Scripts/Scene1 using Guid(7e0f5010bd2f1ab4b948407568d195d9) Importer(815301076,1909f56bfc062723c751e8b465ee728b)  -> (artifact id: 'c77c39800a097a9e11fa0592f319a9de') in 0.048967 seconds
  Import took 0.059775 seconds .

========================================================================
Received Import Request.
  Time since last request: 1.140984 seconds.
  path: Assets/Scripts/ButtonWork.cs
  artifactKey: Guid(add9459a643de6b40ba85c1a7cb0114d) Importer(815301076,1909f56bfc062723c751e8b465ee728b)
Start importing Assets/Scripts/ButtonWork.cs using Guid(add9459a643de6b40ba85c1a7cb0114d) Importer(815301076,1909f56bfc062723c751e8b465ee728b)  -> (artifact id: 'f4cccfd8b13614129d5ec6b194bea624') in 0.482199 seconds
  Import took 0.501145 seconds .

========================================================================
Received Import Request.
  Time since last request: 0.028617 seconds.
  path: Assets/Scripts/ButtonWork.cs
  artifactKey: Guid(add9459a643de6b40ba85c1a7cb0114d) Importer(815301076,1909f56bfc062723c751e8b465ee728b)
Start importing Assets/Scripts/ButtonWork.cs using Guid(add9459a643de6b40ba85c1a7cb0114d) Importer(815301076,1909f56bfc062723c751e8b465ee728b)  -> (artifact id: 'f4cccfd8b13614129d5ec6b194bea624') in 0.032493 seconds
  Import took 0.046852 seconds .

========================================================================
Received Prepare
Registering precompiled user dll's ...
Registered in 0.004528 seconds.
Begin MonoManager ReloadAssembly
Native extension for WindowsStandalone target not found
Refreshing native plugins compatible for Editor in 0.73 ms, found 0 plugins.
Preloading 0 native plugins for Editor in 0.00 ms.
Invoked RoslynAnalysisRunner static constructor.
RoslynAnalysisRunner will not be running.
RoslynAnalysisRunner has terminated.
Mono: successfully reloaded assembly
- Completed reload, in  4.891 seconds
Platform modules already initialized, skipping
Script is not up to date after domain reload: guid(18a0953ccb9e18e418a1d988d0194187) path("Assets/Scripts/NewBehaviourScript.cs") state(2)
Refreshing native plugins compatible for Editor in 0.79 ms, found 0 plugins.
Preloading 0 native plugins for Editor in 0.00 ms.
Unloading 1093 Unused Serialized files (Serialized files now loaded: 0)
System memory in use before: 56.9 MB.
System memory in use after: 56.9 MB.

Unloading 5 unused Assets to reduce memory usage. Loaded Objects now: 1558.
Total: 9.541800 ms (FindLiveObjects: 0.644000 ms CreateObjectMapping: 0.193600 ms MarkObjects: 8.528300 ms  DeleteObjects: 0.170600 ms)

========================================================================
Received Import Request.
  Time since last request: 26.984443 seconds.
  path: Assets/Scripts/NewBehaviourScript.cs
  artifactKey: Guid(18a0953ccb9e18e418a1d988d0194187) Importer(815301076,1909f56bfc062723c751e8b465ee728b)
Start importing Assets/Scripts/NewBehaviourScript.cs using Guid(18a0953ccb9e18e418a1d988d0194187) Importer(815301076,1909f56bfc062723c751e8b465ee728b)  -> (artifact id: 'b1dda47c72c092dca9430228a22e2ea9') in 0.066270 seconds
  Import took 0.083444 seconds .

========================================================================
Received Prepare
Registering precompiled user dll's ...
Registered in 0.004090 seconds.
Begin MonoManager ReloadAssembly
Native extension for WindowsStandalone target not found
Refreshing native plugins compatible for Editor in 0.52 ms, found 0 plugins.
Preloading 0 native plugins for Editor in 0.00 ms.
Invoked RoslynAnalysisRunner static constructor.
RoslynAnalysisRunner will not be running.
RoslynAnalysisRunner has terminated.
Mono: successfully reloaded assembly
- Completed reload, in  3.677 seconds
Platform modules already initialized, skipping
Refreshing native plugins compatible for Editor in 1.29 ms, found 0 plugins.
Preloading 0 native plugins for Editor in 0.00 ms.
Unloading 1094 Unused Serialized files (Serialized files now loaded: 0)
System memory in use before: 57.0 MB.
System memory in use after: 57.0 MB.

Unloading 5 unused Assets to reduce memory usage. Loaded Objects now: 1561.
Total: 4.205000 ms (FindLiveObjects: 0.417900 ms CreateObjectMapping: 0.115300 ms MarkObjects: 3.557300 ms  DeleteObjects: 0.110300 ms)

========================================================================
Received Prepare
Registering precompiled user dll's ...
Registered in 0.003584 seconds.
Begin MonoManager ReloadAssembly
Native extension for WindowsStandalone target not found
Refreshing native plugins compatible for Editor in 0.57 ms, found 0 plugins.
Preloading 0 native plugins for Editor in 0.00 ms.
Invoked RoslynAnalysisRunner static constructor.
RoslynAnalysisRunner will not be running.
RoslynAnalysisRunner has terminated.
Mono: successfully reloaded assembly
- Completed reload, in  4.494 seconds
Platform modules already initialized, skipping
Refreshing native plugins compatible for Editor in 0.82 ms, found 0 plugins.
Preloading 0 native plugins for Editor in 0.00 ms.
Unloading 1093 Unused Serialized files (Serialized files now loaded: 0)
System memory in use before: 57.0 MB.
System memory in use after: 57.1 MB.

Unloading 6 unused Assets to reduce memory usage. Loaded Objects now: 1562.
Total: 7.020500 ms (FindLiveObjects: 0.483700 ms CreateObjectMapping: 0.148300 ms MarkObjects: 6.264600 ms  DeleteObjects: 0.119800 ms)

========================================================================
Received Prepare
Registering precompiled user dll's ...
Registered in 0.002418 seconds.
Begin MonoManager ReloadAssembly
Native extension for WindowsStandalone target not found
Refreshing native plugins compatible for Editor in 0.61 ms, found 0 plugins.
Preloading 0 native plugins for Editor in 0.00 ms.
Invoked RoslynAnalysisRunner static constructor.
RoslynAnalysisRunner will not be running.
RoslynAnalysisRunner has terminated.
Mono: successfully reloaded assembly
- Completed reload, in  4.332 seconds
Platform modules already initialized, skipping
Refreshing native plugins compatible for Editor in 0.82 ms, found 0 plugins.
Preloading 0 native plugins for Editor in 0.00 ms.
Unloading 1093 Unused Serialized files (Serialized files now loaded: 0)
System memory in use before: 57.1 MB.
System memory in use after: 57.1 MB.

Unloading 5 unused Assets to reduce memory usage. Loaded Objects now: 1564.
Total: 7.128800 ms (FindLiveObjects: 0.630400 ms CreateObjectMapping: 0.250700 ms MarkObjects: 6.089200 ms  DeleteObjects: 0.153200 ms)

========================================================================
Received Prepare
Registering precompiled user dll's ...
Registered in 0.004080 seconds.
Begin MonoManager ReloadAssembly
Native extension for WindowsStandalone target not found
Refreshing native plugins compatible for Editor in 0.57 ms, found 0 plugins.
Preloading 0 native plugins for Editor in 0.00 ms.
Invoked RoslynAnalysisRunner static constructor.
RoslynAnalysisRunner will not be running.
RoslynAnalysisRunner has terminated.
Mono: successfully reloaded assembly
- Completed reload, in  3.728 seconds
Platform modules already initialized, skipping
Refreshing native plugins compatible for Editor in 0.82 ms, found 0 plugins.
Preloading 0 native plugins for Editor in 0.00 ms.
Unloading 1093 Unused Serialized files (Serialized files now loaded: 0)
System memory in use before: 57.1 MB.
System memory in use after: 57.2 MB.

Unloading 5 unused Assets to reduce memory usage. Loaded Objects now: 1566.
Total: 4.337700 ms (FindLiveObjects: 0.298600 ms CreateObjectMapping: 0.115600 ms MarkObjects: 3.803300 ms  DeleteObjects: 0.116800 ms)

========================================================================
Received Import Request.
  Time since last request: 127.571421 seconds.
  path: Assets/Scripts/Scene2
  artifactKey: Guid(55b1ff7f903b8e345b3fda9ced3c8bd2) Importer(815301076,1909f56bfc062723c751e8b465ee728b)
Start importing Assets/Scripts/Scene2 using Guid(55b1ff7f903b8e345b3fda9ced3c8bd2) Importer(815301076,1909f56bfc062723c751e8b465ee728b)  -> (artifact id: '3e36bf562ed0736914d330b7f06e25f8') in 0.051504 seconds
  Import took 0.069665 seconds .

========================================================================
Received Prepare
Registering precompiled user dll's ...
Registered in 0.005567 seconds.
Begin MonoManager ReloadAssembly
Native extension for WindowsStandalone target not found
Refreshing native plugins compatible for Editor in 0.55 ms, found 0 plugins.
Preloading 0 native plugins for Editor in 0.00 ms.
Invoked RoslynAnalysisRunner static constructor.
RoslynAnalysisRunner will not be running.
RoslynAnalysisRunner has terminated.
Mono: successfully reloaded assembly
- Completed reload, in  4.135 seconds
Platform modules already initialized, skipping
Refreshing native plugins compatible for Editor in 0.82 ms, found 0 plugins.
Preloading 0 native plugins for Editor in 0.00 ms.
Unloading 1093 Unused Serialized files (Serialized files now loaded: 0)
System memory in use before: 57.2 MB.
System memory in use after: 57.2 MB.

Unloading 5 unused Assets to reduce memory usage. Loaded Objects now: 1568.
Total: 6.203000 ms (FindLiveObjects: 0.588500 ms CreateObjectMapping: 0.184900 ms MarkObjects: 5.305700 ms  DeleteObjects: 0.118600 ms)

========================================================================
Received Prepare
Registering precompiled user dll's ...
Registered in 0.002459 seconds.
Begin MonoManager ReloadAssembly
Native extension for WindowsStandalone target not found
Refreshing native plugins compatible for Editor in 0.56 ms, found 0 plugins.
Preloading 0 native plugins for Editor in 0.00 ms.
Invoked RoslynAnalysisRunner static constructor.
RoslynAnalysisRunner will not be running.
RoslynAnalysisRunner has terminated.
Mono: successfully reloaded assembly
- Completed reload, in  4.326 seconds
Platform modules already initialized, skipping
Refreshing native plugins compatible for Editor in 7.23 ms, found 0 plugins.
Preloading 0 native plugins for Editor in 0.00 ms.
Unloading 1093 Unused Serialized files (Serialized files now loaded: 0)
System memory in use before: 57.3 MB.
System memory in use after: 57.4 MB.

Unloading 5 unused Assets to reduce memory usage. Loaded Objects now: 1570.
Total: 7.125900 ms (FindLiveObjects: 0.565200 ms CreateObjectMapping: 0.180900 ms MarkObjects: 6.188000 ms  DeleteObjects: 0.186000 ms)

========================================================================
Received Prepare
Registering precompiled user dll's ...
Registered in 0.003369 seconds.
Begin MonoManager ReloadAssembly
Native extension for WindowsStandalone target not found
Refreshing native plugins compatible for Editor in 0.90 ms, found 0 plugins.
Preloading 0 native plugins for Editor in 0.00 ms.
Invoked RoslynAnalysisRunner static constructor.
RoslynAnalysisRunner will not be running.
RoslynAnalysisRunner has terminated.
Mono: successfully reloaded assembly
- Completed reload, in  4.358 seconds
Platform modules already initialized, skipping
Refreshing native plugins compatible for Editor in 2.35 ms, found 0 plugins.
Preloading 0 native plugins for Editor in 0.00 ms.
Unloading 1093 Unused Serialized files (Serialized files now loaded: 0)
System memory in use before: 57.3 MB.
System memory in use after: 57.4 MB.

Unloading 5 unused Assets to reduce memory usage. Loaded Objects now: 1572.
Total: 7.426900 ms (FindLiveObjects: 0.511000 ms CreateObjectMapping: 0.159900 ms MarkObjects: 6.623000 ms  DeleteObjects: 0.128400 ms)

========================================================================
Received Prepare
Registering precompiled user dll's ...
Registered in 0.004648 seconds.
Begin MonoManager ReloadAssembly
Native extension for WindowsStandalone target not found
Refreshing native plugins compatible for Editor in 1.09 ms, found 0 plugins.
Preloading 0 native plugins for Editor in 0.00 ms.
Invoked RoslynAnalysisRunner static constructor.
RoslynAnalysisRunner will not be running.
RoslynAnalysisRunner has terminated.
Mono: successfully reloaded assembly
- Completed reload, in  4.981 seconds
Platform modules already initialized, skipping
Refreshing native plugins compatible for Editor in 0.83 ms, found 0 plugins.
Preloading 0 native plugins for Editor in 0.00 ms.
Unloading 1093 Unused Serialized files (Serialized files now loaded: 0)
System memory in use before: 57.4 MB.
System memory in use after: 57.5 MB.

Unloading 5 unused Assets to reduce memory usage. Loaded Objects now: 1574.
Total: 8.138000 ms (FindLiveObjects: 0.572600 ms CreateObjectMapping: 0.197200 ms MarkObjects: 7.212400 ms  DeleteObjects: 0.150700 ms)

========================================================================
Received Prepare
Registering precompiled user dll's ...
Registered in 0.003006 seconds.
Begin MonoManager ReloadAssembly
Native extension for WindowsStandalone target not found
Refreshing native plugins compatible for Editor in 0.85 ms, found 0 plugins.
Preloading 0 native plugins for Editor in 0.00 ms.
Invoked RoslynAnalysisRunner static constructor.
RoslynAnalysisRunner will not be running.
RoslynAnalysisRunner has terminated.
Mono: successfully reloaded assembly
- Completed reload, in  4.448 seconds
Platform modules already initialized, skipping
Refreshing native plugins compatible for Editor in 0.98 ms, found 0 plugins.
Preloading 0 native plugins for Editor in 0.00 ms.
Unloading 1093 Unused Serialized files (Serialized files now loaded: 0)
System memory in use before: 57.5 MB.
System memory in use after: 57.6 MB.

Unloading 5 unused Assets to reduce memory usage. Loaded Objects now: 1576.
Total: 8.250000 ms (FindLiveObjects: 1.293100 ms CreateObjectMapping: 0.358800 ms MarkObjects: 6.448600 ms  DeleteObjects: 0.144800 ms)

========================================================================
Received Prepare
Registering precompiled user dll's ...
Registered in 0.002449 seconds.
Begin MonoManager ReloadAssembly
Native extension for WindowsStandalone target not found
Refreshing native plugins compatible for Editor in 0.58 ms, found 0 plugins.
Preloading 0 native plugins for Editor in 0.00 ms.
Invoked RoslynAnalysisRunner static constructor.
RoslynAnalysisRunner will not be running.
RoslynAnalysisRunner has terminated.
Mono: successfully reloaded assembly
- Completed reload, in  5.478 seconds
Platform modules already initialized, skipping
Refreshing native plugins compatible for Editor in 1.46 ms, found 0 plugins.
Preloading 0 native plugins for Editor in 0.00 ms.
Unloading 1093 Unused Serialized files (Serialized files now loaded: 0)
System memory in use before: 57.6 MB.
System memory in use after: 57.6 MB.

Unloading 5 unused Assets to reduce memory usage. Loaded Objects now: 1578.
Total: 7.325500 ms (FindLiveObjects: 0.786000 ms CreateObjectMapping: 0.252300 ms MarkObjects: 6.081800 ms  DeleteObjects: 0.200600 ms)

========================================================================
Received Prepare
Registering precompiled user dll's ...
Registered in 0.004026 seconds.
Begin MonoManager ReloadAssembly
Native extension for WindowsStandalone target not found
Refreshing native plugins compatible for Editor in 0.56 ms, found 0 plugins.
Preloading 0 native plugins for Editor in 0.00 ms.
Invoked RoslynAnalysisRunner static constructor.
RoslynAnalysisRunner will not be running.
RoslynAnalysisRunner has terminated.
Mono: successfully reloaded assembly
- Completed reload, in  4.442 seconds
Platform modules already initialized, skipping
Refreshing native plugins compatible for Editor in 0.81 ms, found 0 plugins.
Preloading 0 native plugins for Editor in 0.00 ms.
Unloading 1093 Unused Serialized files (Serialized files now loaded: 0)
System memory in use before: 57.6 MB.
System memory in use after: 57.7 MB.

Unloading 5 unused Assets to reduce memory usage. Loaded Objects now: 1580.
Total: 9.644000 ms (FindLiveObjects: 0.512400 ms CreateObjectMapping: 0.188300 ms MarkObjects: 8.780300 ms  DeleteObjects: 0.157000 ms)

========================================================================
Received Prepare
Registering precompiled user dll's ...
Registered in 0.003111 seconds.
Begin MonoManager ReloadAssembly
Native extension for WindowsStandalone target not found
Refreshing native plugins compatible for Editor in 0.56 ms, found 0 plugins.
Preloading 0 native plugins for Editor in 0.00 ms.
Invoked RoslynAnalysisRunner static constructor.
RoslynAnalysisRunner will not be running.
RoslynAnalysisRunner has terminated.
Mono: successfully reloaded assembly
- Completed reload, in  5.071 seconds
Platform modules already initialized, skipping
Refreshing native plugins compatible for Editor in 0.80 ms, found 0 plugins.
Preloading 0 native plugins for Editor in 0.00 ms.
Unloading 1093 Unused Serialized files (Serialized files now loaded: 0)
System memory in use before: 57.7 MB.
System memory in use after: 57.8 MB.

Unloading 5 unused Assets to reduce memory usage. Loaded Objects now: 1582.
Total: 4.663300 ms (FindLiveObjects: 0.297000 ms CreateObjectMapping: 0.117100 ms MarkObjects: 4.116300 ms  DeleteObjects: 0.128800 ms)

========================================================================
Received Prepare
Registering precompiled user dll's ...
Registered in 0.003623 seconds.
Begin MonoManager ReloadAssembly
Native extension for WindowsStandalone target not found
Refreshing native plugins compatible for Editor in 0.73 ms, found 0 plugins.
Preloading 0 native plugins for Editor in 0.00 ms.
Invoked RoslynAnalysisRunner static constructor.
RoslynAnalysisRunner will not be running.
RoslynAnalysisRunner has terminated.
Mono: successfully reloaded assembly
- Completed reload, in  6.182 seconds
Platform modules already initialized, skipping
Refreshing native plugins compatible for Editor in 0.96 ms, found 0 plugins.
Preloading 0 native plugins for Editor in 0.00 ms.
Unloading 1093 Unused Serialized files (Serialized files now loaded: 0)
System memory in use before: 57.8 MB.
System memory in use after: 57.8 MB.

Unloading 5 unused Assets to reduce memory usage. Loaded Objects now: 1584.
Total: 5.104100 ms (FindLiveObjects: 0.791400 ms CreateObjectMapping: 0.197000 ms MarkObjects: 3.998100 ms  DeleteObjects: 0.113100 ms)

========================================================================
Received Prepare
Registering precompiled user dll's ...
Registered in 0.003612 seconds.
Begin MonoManager ReloadAssembly
Native extension for WindowsStandalone target not found
Refreshing native plugins compatible for Editor in 0.82 ms, found 0 plugins.
Preloading 0 native plugins for Editor in 0.00 ms.
Invoked RoslynAnalysisRunner static constructor.
RoslynAnalysisRunner will not be running.
RoslynAnalysisRunner has terminated.
Mono: successfully reloaded assembly
- Completed reload, in  4.541 seconds
Platform modules already initialized, skipping
Refreshing native plugins compatible for Editor in 1.88 ms, found 0 plugins.
Preloading 0 native plugins for Editor in 0.00 ms.
Unloading 1093 Unused Serialized files (Serialized files now loaded: 0)
System memory in use before: 57.8 MB.
System memory in use after: 57.9 MB.

Unloading 5 unused Assets to reduce memory usage. Loaded Objects now: 1586.
Total: 6.275600 ms (FindLiveObjects: 0.300300 ms CreateObjectMapping: 0.115500 ms MarkObjects: 5.704100 ms  DeleteObjects: 0.151300 ms)

========================================================================
Received Prepare
Registering precompiled user dll's ...
Registered in 0.002682 seconds.
Begin MonoManager ReloadAssembly
Native extension for WindowsStandalone target not found
Refreshing native plugins compatible for Editor in 1.27 ms, found 0 plugins.
Preloading 0 native plugins for Editor in 0.00 ms.
Invoked RoslynAnalysisRunner static constructor.
RoslynAnalysisRunner will not be running.
RoslynAnalysisRunner has terminated.
Mono: successfully reloaded assembly
- Completed reload, in  4.488 seconds
Platform modules already initialized, skipping
Refreshing native plugins compatible for Editor in 1.01 ms, found 0 plugins.
Preloading 0 native plugins for Editor in 0.00 ms.
Unloading 1093 Unused Serialized files (Serialized files now loaded: 0)
System memory in use before: 57.9 MB.
System memory in use after: 58.0 MB.

Unloading 5 unused Assets to reduce memory usage. Loaded Objects now: 1588.
Total: 17.594800 ms (FindLiveObjects: 1.202400 ms CreateObjectMapping: 0.231400 ms MarkObjects: 15.480000 ms  DeleteObjects: 0.674000 ms)

========================================================================
Received Prepare
Registering precompiled user dll's ...
Registered in 0.002396 seconds.
Begin MonoManager ReloadAssembly
Native extension for WindowsStandalone target not found
Refreshing native plugins compatible for Editor in 0.91 ms, found 0 plugins.
Preloading 0 native plugins for Editor in 0.00 ms.
Invoked RoslynAnalysisRunner static constructor.
RoslynAnalysisRunner will not be running.
RoslynAnalysisRunner has terminated.
Mono: successfully reloaded assembly
- Completed reload, in  4.571 seconds
Platform modules already initialized, skipping
Refreshing native plugins compatible for Editor in 0.83 ms, found 0 plugins.
Preloading 0 native plugins for Editor in 0.00 ms.
Unloading 1093 Unused Serialized files (Serialized files now loaded: 0)
System memory in use before: 58.0 MB.
System memory in use after: 58.1 MB.

Unloading 5 unused Assets to reduce memory usage. Loaded Objects now: 1590.
Total: 4.755500 ms (FindLiveObjects: 0.466300 ms CreateObjectMapping: 0.191500 ms MarkObjects: 3.986400 ms  DeleteObjects: 0.106900 ms)

========================================================================
Received Prepare
Registering precompiled user dll's ...
Registered in 0.005233 seconds.
Begin MonoManager ReloadAssembly
Native extension for WindowsStandalone target not found
Refreshing native plugins compatible for Editor in 0.91 ms, found 0 plugins.
Preloading 0 native plugins for Editor in 0.00 ms.
Invoked RoslynAnalysisRunner static constructor.
RoslynAnalysisRunner will not be running.
RoslynAnalysisRunner has terminated.
Mono: successfully reloaded assembly
- Completed reload, in  4.780 seconds
Platform modules already initialized, skipping
Refreshing native plugins compatible for Editor in 2.42 ms, found 0 plugins.
Preloading 0 native plugins for Editor in 0.00 ms.
Unloading 1093 Unused Serialized files (Serialized files now loaded: 0)
System memory in use before: 58.0 MB.
System memory in use after: 58.1 MB.

Unloading 5 unused Assets to reduce memory usage. Loaded Objects now: 1592.
Total: 11.524800 ms (FindLiveObjects: 0.690600 ms CreateObjectMapping: 0.198600 ms MarkObjects: 10.327000 ms  DeleteObjects: 0.296600 ms)

========================================================================
Received Import Request.
  Time since last request: 2875.505553 seconds.
  path: Assets
  artifactKey: Guid(00000000000000001000000000000000) Importer(815301076,1909f56bfc062723c751e8b465ee728b)
Start importing Assets using Guid(00000000000000001000000000000000) Importer(815301076,1909f56bfc062723c751e8b465ee728b)  -> (artifact id: 'e1a2c4dac9df7c17871e19a3b74f0e9f') in 0.057562 seconds
  Import took 0.067742 seconds .

========================================================================
Received Import Request.
  Time since last request: 9.790119 seconds.
  path: Assets/Materials
  artifactKey: Guid(32ac5ed5ab449a9418536e1e050c7130) Importer(815301076,1909f56bfc062723c751e8b465ee728b)
Start importing Assets/Materials using Guid(32ac5ed5ab449a9418536e1e050c7130) Importer(815301076,1909f56bfc062723c751e8b465ee728b)  -> (artifact id: 'fd0e4dbc04f03ade0bd23b0b0ca522ef') in 0.079754 seconds
  Import took 0.090117 seconds .

========================================================================
Received Import Request.
  Time since last request: 45.053702 seconds.
  path: Assets/Materials/New Physic Material.physicMaterial
  artifactKey: Guid(b53b6dd681b9d3044a26c11e82e07632) Importer(815301076,1909f56bfc062723c751e8b465ee728b)
Start importing Assets/Materials/New Physic Material.physicMaterial using Guid(b53b6dd681b9d3044a26c11e82e07632) Importer(815301076,1909f56bfc062723c751e8b465ee728b)  -> (artifact id: '26c13b0eb62b2bd4127d939c05ffcaa2') in 0.365084 seconds
  Import took 0.402177 seconds .

========================================================================
Received Import Request.
  Time since last request: 26.048641 seconds.
  path: Assets/Materials/NoFriction.physicMaterial
  artifactKey: Guid(b53b6dd681b9d3044a26c11e82e07632) Importer(815301076,1909f56bfc062723c751e8b465ee728b)
Start importing Assets/Materials/NoFriction.physicMaterial using Guid(b53b6dd681b9d3044a26c11e82e07632) Importer(815301076,1909f56bfc062723c751e8b465ee728b)  -> (artifact id: '58a06648847574a9a81583f93f8da88a') in 0.041230 seconds
  Import took 0.053172 seconds .

========================================================================
Received Prepare
Registering precompiled user dll's ...
Registered in 0.004597 seconds.
Begin MonoManager ReloadAssembly
Native extension for WindowsStandalone target not found
Refreshing native plugins compatible for Editor in 0.98 ms, found 0 plugins.
Preloading 0 native plugins for Editor in 0.00 ms.
Invoked RoslynAnalysisRunner static constructor.
RoslynAnalysisRunner will not be running.
RoslynAnalysisRunner has terminated.
Mono: successfully reloaded assembly
- Completed reload, in  7.794 seconds
Platform modules already initialized, skipping
Refreshing native plugins compatible for Editor in 1.05 ms, found 0 plugins.
Preloading 0 native plugins for Editor in 0.00 ms.
Unloading 1093 Unused Serialized files (Serialized files now loaded: 0)
System memory in use before: 58.1 MB.
System memory in use after: 58.2 MB.

Unloading 5 unused Assets to reduce memory usage. Loaded Objects now: 1594.
Total: 6.652800 ms (FindLiveObjects: 0.368200 ms CreateObjectMapping: 0.117800 ms MarkObjects: 6.040400 ms  DeleteObjects: 0.121800 ms)

========================================================================
Received Prepare
Registering precompiled user dll's ...
Registered in 0.003575 seconds.
Begin MonoManager ReloadAssembly
Native extension for WindowsStandalone target not found
Refreshing native plugins compatible for Editor in 0.61 ms, found 0 plugins.
Preloading 0 native plugins for Editor in 0.00 ms.
Invoked RoslynAnalysisRunner static constructor.
RoslynAnalysisRunner will not be running.
RoslynAnalysisRunner has terminated.
Mono: successfully reloaded assembly
- Completed reload, in  4.695 seconds
Platform modules already initialized, skipping
Refreshing native plugins compatible for Editor in 0.93 ms, found 0 plugins.
Preloading 0 native plugins for Editor in 0.00 ms.
Unloading 1093 Unused Serialized files (Serialized files now loaded: 0)
System memory in use before: 58.2 MB.
System memory in use after: 58.3 MB.

Unloading 5 unused Assets to reduce memory usage. Loaded Objects now: 1596.
Total: 9.916400 ms (FindLiveObjects: 0.619400 ms CreateObjectMapping: 0.240700 ms MarkObjects: 8.901200 ms  DeleteObjects: 0.150200 ms)

========================================================================
Received Prepare
Registering precompiled user dll's ...
Registered in 0.002384 seconds.
Begin MonoManager ReloadAssembly
Native extension for WindowsStandalone target not found
Refreshing native plugins compatible for Editor in 0.64 ms, found 0 plugins.
Preloading 0 native plugins for Editor in 0.00 ms.
Invoked RoslynAnalysisRunner static constructor.
RoslynAnalysisRunner will not be running.
RoslynAnalysisRunner has terminated.
Mono: successfully reloaded assembly
- Completed reload, in  5.527 seconds
Platform modules already initialized, skipping
Refreshing native plugins compatible for Editor in 0.91 ms, found 0 plugins.
Preloading 0 native plugins for Editor in 0.00 ms.
Unloading 1093 Unused Serialized files (Serialized files now loaded: 0)
System memory in use before: 58.2 MB.
System memory in use after: 58.3 MB.

Unloading 5 unused Assets to reduce memory usage. Loaded Objects now: 1598.
Total: 7.910100 ms (FindLiveObjects: 0.767300 ms CreateObjectMapping: 0.304200 ms MarkObjects: 6.682300 ms  DeleteObjects: 0.151200 ms)

========================================================================
Received Prepare
Registering precompiled user dll's ...
Registered in 0.003730 seconds.
Begin MonoManager ReloadAssembly
Native extension for WindowsStandalone target not found
Refreshing native plugins compatible for Editor in 1.19 ms, found 0 plugins.
Preloading 0 native plugins for Editor in 0.00 ms.
Invoked RoslynAnalysisRunner static constructor.
RoslynAnalysisRunner will not be running.
RoslynAnalysisRunner has terminated.
Mono: successfully reloaded assembly
- Completed reload, in  4.960 seconds
Platform modules already initialized, skipping
Refreshing native plugins compatible for Editor in 0.93 ms, found 0 plugins.
Preloading 0 native plugins for Editor in 0.00 ms.
Unloading 1093 Unused Serialized files (Serialized files now loaded: 0)
System memory in use before: 57.3 MB.
System memory in use after: 57.4 MB.

Unloading 5 unused Assets to reduce memory usage. Loaded Objects now: 1600.
Total: 6.571000 ms (FindLiveObjects: 0.973100 ms CreateObjectMapping: 0.181600 ms MarkObjects: 5.286500 ms  DeleteObjects: 0.124100 ms)

========================================================================
Received Prepare
Registering precompiled user dll's ...
Registered in 0.003711 seconds.
Begin MonoManager ReloadAssembly
Native extension for WindowsStandalone target not found
Refreshing native plugins compatible for Editor in 0.56 ms, found 0 plugins.
Preloading 0 native plugins for Editor in 0.00 ms.
Invoked RoslynAnalysisRunner static constructor.
RoslynAnalysisRunner will not be running.
RoslynAnalysisRunner has terminated.
Mono: successfully reloaded assembly
- Completed reload, in  4.598 seconds
Platform modules already initialized, skipping
Refreshing native plugins compatible for Editor in 0.84 ms, found 0 plugins.
Preloading 0 native plugins for Editor in 0.00 ms.
Unloading 1093 Unused Serialized files (Serialized files now loaded: 0)
System memory in use before: 57.4 MB.
System memory in use after: 57.5 MB.

Unloading 5 unused Assets to reduce memory usage. Loaded Objects now: 1602.
Total: 9.795400 ms (FindLiveObjects: 0.527900 ms CreateObjectMapping: 0.196100 ms MarkObjects: 8.896700 ms  DeleteObjects: 0.169200 ms)

========================================================================
Received Prepare
Registering precompiled user dll's ...
Registered in 0.002536 seconds.
Begin MonoManager ReloadAssembly
Native extension for WindowsStandalone target not found
Refreshing native plugins compatible for Editor in 0.63 ms, found 0 plugins.
Preloading 0 native plugins for Editor in 0.00 ms.
Invoked RoslynAnalysisRunner static constructor.
RoslynAnalysisRunner will not be running.
RoslynAnalysisRunner has terminated.
Mono: successfully reloaded assembly
- Completed reload, in  5.294 seconds
Platform modules already initialized, skipping
Refreshing native plugins compatible for Editor in 0.92 ms, found 0 plugins.
Preloading 0 native plugins for Editor in 0.00 ms.
Unloading 1093 Unused Serialized files (Serialized files now loaded: 0)
System memory in use before: 57.5 MB.
System memory in use after: 57.5 MB.

Unloading 5 unused Assets to reduce memory usage. Loaded Objects now: 1604.
Total: 7.488200 ms (FindLiveObjects: 0.540200 ms CreateObjectMapping: 0.199900 ms MarkObjects: 6.524400 ms  DeleteObjects: 0.217900 ms)

========================================================================
Received Prepare
Registering precompiled user dll's ...
Registered in 0.003692 seconds.
Begin MonoManager ReloadAssembly
Native extension for WindowsStandalone target not found
Refreshing native plugins compatible for Editor in 0.61 ms, found 0 plugins.
Preloading 0 native plugins for Editor in 0.00 ms.
Invoked RoslynAnalysisRunner static constructor.
RoslynAnalysisRunner will not be running.
RoslynAnalysisRunner has terminated.
Mono: successfully reloaded assembly
- Completed reload, in  5.238 seconds
Platform modules already initialized, skipping
Refreshing native plugins compatible for Editor in 1.42 ms, found 0 plugins.
Preloading 0 native plugins for Editor in 0.00 ms.
Unloading 1093 Unused Serialized files (Serialized files now loaded: 0)
System memory in use before: 57.5 MB.
System memory in use after: 57.6 MB.

Unloading 5 unused Assets to reduce memory usage. Loaded Objects now: 1606.
Total: 4.265700 ms (FindLiveObjects: 0.307200 ms CreateObjectMapping: 0.119600 ms MarkObjects: 3.720800 ms  DeleteObjects: 0.114400 ms)

========================================================================
Received Import Request.
  Time since last request: 876.675529 seconds.
  path: Assets/Materials/NoFriction.physicMaterial
  artifactKey: Guid(b53b6dd681b9d3044a26c11e82e07632) Importer(815301076,1909f56bfc062723c751e8b465ee728b)
Start importing Assets/Materials/NoFriction.physicMaterial using Guid(b53b6dd681b9d3044a26c11e82e07632) Importer(815301076,1909f56bfc062723c751e8b465ee728b)  -> (artifact id: 'a50ef3bfc6b4ea9bd8abca9591138f03') in 0.095309 seconds
  Import took 0.107545 seconds .

========================================================================
Received Import Request.
  Time since last request: 407.752326 seconds.
  path: Assets/Scripts/Text3
  artifactKey: Guid(21e85075561649944b84a8d80d173468) Importer(815301076,1909f56bfc062723c751e8b465ee728b)
Start importing Assets/Scripts/Text3 using Guid(21e85075561649944b84a8d80d173468) Importer(815301076,1909f56bfc062723c751e8b465ee728b)  -> (artifact id: '9b53d13bf7321d121122b38ab9514f7f') in 0.057410 seconds
  Import took 0.066004 seconds .

========================================================================
Received Import Request.
  Time since last request: 8.237082 seconds.
  path: Assets/Scripts/Test3
  artifactKey: Guid(21e85075561649944b84a8d80d173468) Importer(815301076,1909f56bfc062723c751e8b465ee728b)
Start importing Assets/Scripts/Test3 using Guid(21e85075561649944b84a8d80d173468) Importer(815301076,1909f56bfc062723c751e8b465ee728b)  -> (artifact id: 'd7ab10216e09586f45eced235af56370') in 0.048938 seconds
  Import took 0.061269 seconds .

========================================================================
Received Import Request.
  Time since last request: 12.519663 seconds.
  path: Assets/Scripts/Test3/Test3.cs
  artifactKey: Guid(4f2fc626f53b14942b2a82d64bcf1585) Importer(815301076,1909f56bfc062723c751e8b465ee728b)
Start importing Assets/Scripts/Test3/Test3.cs using Guid(4f2fc626f53b14942b2a82d64bcf1585) Importer(815301076,1909f56bfc062723c751e8b465ee728b)  -> (artifact id: '74665876aa7377d5c2f6c30e6f4160b0') in 0.037396 seconds
  Import took 0.050561 seconds .

========================================================================
Received Import Request.
  Time since last request: 0.169652 seconds.
  path: Assets/Scripts/Test3/Test3.cs
  artifactKey: Guid(4f2fc626f53b14942b2a82d64bcf1585) Importer(815301076,1909f56bfc062723c751e8b465ee728b)
Start importing Assets/Scripts/Test3/Test3.cs using Guid(4f2fc626f53b14942b2a82d64bcf1585) Importer(815301076,1909f56bfc062723c751e8b465ee728b)  -> (artifact id: '74665876aa7377d5c2f6c30e6f4160b0') in 0.093830 seconds
  Import took 0.341427 seconds .

========================================================================
Received Prepare
Registering precompiled user dll's ...
Registered in 0.003915 seconds.
Begin MonoManager ReloadAssembly
Native extension for WindowsStandalone target not found
Refreshing native plugins compatible for Editor in 0.56 ms, found 0 plugins.
Preloading 0 native plugins for Editor in 0.00 ms.
Invoked RoslynAnalysisRunner static constructor.
RoslynAnalysisRunner will not be running.
RoslynAnalysisRunner has terminated.
Mono: successfully reloaded assembly
- Completed reload, in  3.739 seconds
Platform modules already initialized, skipping
Refreshing native plugins compatible for Editor in 2.81 ms, found 0 plugins.
Preloading 0 native plugins for Editor in 0.00 ms.
Unloading 1094 Unused Serialized files (Serialized files now loaded: 0)
System memory in use before: 57.6 MB.
System memory in use after: 57.7 MB.

Unloading 5 unused Assets to reduce memory usage. Loaded Objects now: 1609.
Total: 4.901600 ms (FindLiveObjects: 0.377100 ms CreateObjectMapping: 0.123300 ms MarkObjects: 4.240400 ms  DeleteObjects: 0.156300 ms)

========================================================================
Received Prepare
Registering precompiled user dll's ...
Registered in 0.003966 seconds.
Begin MonoManager ReloadAssembly
Native extension for WindowsStandalone target not found
Refreshing native plugins compatible for Editor in 0.59 ms, found 0 plugins.
Preloading 0 native plugins for Editor in 0.00 ms.
Invoked RoslynAnalysisRunner static constructor.
RoslynAnalysisRunner will not be running.
RoslynAnalysisRunner has terminated.
Mono: successfully reloaded assembly
- Completed reload, in  3.903 seconds
Platform modules already initialized, skipping
Refreshing native plugins compatible for Editor in 0.88 ms, found 0 plugins.
Preloading 0 native plugins for Editor in 0.00 ms.
Unloading 1094 Unused Serialized files (Serialized files now loaded: 0)
System memory in use before: 57.7 MB.
System memory in use after: 57.8 MB.

Unloading 5 unused Assets to reduce memory usage. Loaded Objects now: 1611.
Total: 4.705300 ms (FindLiveObjects: 0.369300 ms CreateObjectMapping: 0.216500 ms MarkObjects: 4.000800 ms  DeleteObjects: 0.115000 ms)

========================================================================
Received Import Request.
  Time since last request: 241.818751 seconds.
  path: Assets/Scripts/Test3/Test3.cs
  artifactKey: Guid(4f2fc626f53b14942b2a82d64bcf1585) Importer(815301076,1909f56bfc062723c751e8b465ee728b)
Start importing Assets/Scripts/Test3/Test3.cs using Guid(4f2fc626f53b14942b2a82d64bcf1585) Importer(815301076,1909f56bfc062723c751e8b465ee728b)  -> (artifact id: '5a282c050f4858682a40d4d331b9d809') in 0.033113 seconds
  Import took 0.042246 seconds .

========================================================================
Received Prepare
Registering precompiled user dll's ...
Registered in 0.003883 seconds.
Begin MonoManager ReloadAssembly
Native extension for WindowsStandalone target not found
Refreshing native plugins compatible for Editor in 1.16 ms, found 0 plugins.
Preloading 0 native plugins for Editor in 0.00 ms.
Invoked RoslynAnalysisRunner static constructor.
RoslynAnalysisRunner will not be running.
RoslynAnalysisRunner has terminated.
Mono: successfully reloaded assembly
- Completed reload, in  4.384 seconds
Platform modules already initialized, skipping
Refreshing native plugins compatible for Editor in 1.54 ms, found 0 plugins.
Preloading 0 native plugins for Editor in 0.00 ms.
Unloading 1094 Unused Serialized files (Serialized files now loaded: 0)
System memory in use before: 57.8 MB.
System memory in use after: 57.8 MB.

Unloading 5 unused Assets to reduce memory usage. Loaded Objects now: 1613.
Total: 6.575800 ms (FindLiveObjects: 0.537400 ms CreateObjectMapping: 0.178400 ms MarkObjects: 5.734600 ms  DeleteObjects: 0.120800 ms)

========================================================================
Received Prepare
Registering precompiled user dll's ...
Registered in 0.002420 seconds.
Begin MonoManager ReloadAssembly
Native extension for WindowsStandalone target not found
Refreshing native plugins compatible for Editor in 0.55 ms, found 0 plugins.
Preloading 0 native plugins for Editor in 0.00 ms.
Invoked RoslynAnalysisRunner static constructor.
RoslynAnalysisRunner will not be running.
RoslynAnalysisRunner has terminated.
Mono: successfully reloaded assembly
- Completed reload, in  5.051 seconds
Platform modules already initialized, skipping
Refreshing native plugins compatible for Editor in 0.81 ms, found 0 plugins.
Preloading 0 native plugins for Editor in 0.00 ms.
Unloading 1094 Unused Serialized files (Serialized files now loaded: 0)
System memory in use before: 57.8 MB.
System memory in use after: 57.9 MB.

Unloading 5 unused Assets to reduce memory usage. Loaded Objects now: 1615.
Total: 5.052900 ms (FindLiveObjects: 0.340700 ms CreateObjectMapping: 0.120200 ms MarkObjects: 4.441300 ms  DeleteObjects: 0.146600 ms)

========================================================================
Received Import Request.
  Time since last request: 205.768176 seconds.
  path: Assets/Scripts/Test3/Test3.cs
  artifactKey: Guid(4f2fc626f53b14942b2a82d64bcf1585) Importer(815301076,1909f56bfc062723c751e8b465ee728b)
Start importing Assets/Scripts/Test3/Test3.cs using Guid(4f2fc626f53b14942b2a82d64bcf1585) Importer(815301076,1909f56bfc062723c751e8b465ee728b)  -> (artifact id: 'f0a8bff707bceaf9c43da1ac4903d035') in 0.028980 seconds
  Import took 0.037783 seconds .

========================================================================
Received Import Request.
  Time since last request: 0.011504 seconds.
  path: Assets/Scripts/Test3/Test3.cs
  artifactKey: Guid(4f2fc626f53b14942b2a82d64bcf1585) Importer(815301076,1909f56bfc062723c751e8b465ee728b)
Start importing Assets/Scripts/Test3/Test3.cs using Guid(4f2fc626f53b14942b2a82d64bcf1585) Importer(815301076,1909f56bfc062723c751e8b465ee728b)  -> (artifact id: 'f0a8bff707bceaf9c43da1ac4903d035') in 0.020233 seconds
  Import took 0.029961 seconds .

========================================================================
Received Prepare
Registering precompiled user dll's ...
Registered in 0.003750 seconds.
Begin MonoManager ReloadAssembly
Native extension for WindowsStandalone target not found
Refreshing native plugins compatible for Editor in 1.15 ms, found 0 plugins.
Preloading 0 native plugins for Editor in 0.00 ms.
Invoked RoslynAnalysisRunner static constructor.
RoslynAnalysisRunner will not be running.
RoslynAnalysisRunner has terminated.
Mono: successfully reloaded assembly
- Completed reload, in  4.343 seconds
Platform modules already initialized, skipping
Refreshing native plugins compatible for Editor in 0.80 ms, found 0 plugins.
Preloading 0 native plugins for Editor in 0.00 ms.
Unloading 1094 Unused Serialized files (Serialized files now loaded: 0)
System memory in use before: 57.9 MB.
System memory in use after: 58.0 MB.

Unloading 5 unused Assets to reduce memory usage. Loaded Objects now: 1617.
Total: 6.966300 ms (FindLiveObjects: 0.568300 ms CreateObjectMapping: 0.166000 ms MarkObjects: 6.075600 ms  DeleteObjects: 0.151100 ms)

========================================================================
Received Import Request.
  Time since last request: 37.334170 seconds.
  path: Assets/Scripts/Test3/Test3.cs
  artifactKey: Guid(4f2fc626f53b14942b2a82d64bcf1585) Importer(815301076,1909f56bfc062723c751e8b465ee728b)
Start importing Assets/Scripts/Test3/Test3.cs using Guid(4f2fc626f53b14942b2a82d64bcf1585) Importer(815301076,1909f56bfc062723c751e8b465ee728b)  -> (artifact id: '69fb42941d8e540e0e00b8817446b32e') in 0.053579 seconds
  Import took 0.062062 seconds .

========================================================================
Received Prepare
Registering precompiled user dll's ...
Registered in 0.002599 seconds.
Begin MonoManager ReloadAssembly
Native extension for WindowsStandalone target not found
Refreshing native plugins compatible for Editor in 0.83 ms, found 0 plugins.
Preloading 0 native plugins for Editor in 0.00 ms.
Invoked RoslynAnalysisRunner static constructor.
RoslynAnalysisRunner will not be running.
RoslynAnalysisRunner has terminated.
Mono: successfully reloaded assembly
- Completed reload, in  4.290 seconds
Platform modules already initialized, skipping
Refreshing native plugins compatible for Editor in 0.86 ms, found 0 plugins.
Preloading 0 native plugins for Editor in 0.00 ms.
Unloading 1094 Unused Serialized files (Serialized files now loaded: 0)
System memory in use before: 58.0 MB.
System memory in use after: 58.0 MB.

Unloading 5 unused Assets to reduce memory usage. Loaded Objects now: 1619.
Total: 5.521300 ms (FindLiveObjects: 0.314900 ms CreateObjectMapping: 0.127600 ms MarkObjects: 4.958000 ms  DeleteObjects: 0.115600 ms)

========================================================================
Received Prepare
Registering precompiled user dll's ...
Registered in 0.004432 seconds.
Begin MonoManager ReloadAssembly
Native extension for WindowsStandalone target not found
Refreshing native plugins compatible for Editor in 0.73 ms, found 0 plugins.
Preloading 0 native plugins for Editor in 0.00 ms.
Invoked RoslynAnalysisRunner static constructor.
RoslynAnalysisRunner will not be running.
RoslynAnalysisRunner has terminated.
Mono: successfully reloaded assembly
- Completed reload, in  4.169 seconds
Platform modules already initialized, skipping
Refreshing native plugins compatible for Editor in 0.81 ms, found 0 plugins.
Preloading 0 native plugins for Editor in 0.00 ms.
Unloading 1094 Unused Serialized files (Serialized files now loaded: 0)
System memory in use before: 58.0 MB.
System memory in use after: 58.1 MB.

Unloading 5 unused Assets to reduce memory usage. Loaded Objects now: 1621.
Total: 9.185100 ms (FindLiveObjects: 0.574400 ms CreateObjectMapping: 0.246600 ms MarkObjects: 8.217500 ms  DeleteObjects: 0.142200 ms)

========================================================================
Received Prepare
Registering precompiled user dll's ...
Registered in 0.004048 seconds.
Begin MonoManager ReloadAssembly
Native extension for WindowsStandalone target not found
Refreshing native plugins compatible for Editor in 0.75 ms, found 0 plugins.
Preloading 0 native plugins for Editor in 0.00 ms.
Invoked RoslynAnalysisRunner static constructor.
RoslynAnalysisRunner will not be running.
RoslynAnalysisRunner has terminated.
Mono: successfully reloaded assembly
- Completed reload, in  5.108 seconds
Platform modules already initialized, skipping
Refreshing native plugins compatible for Editor in 1.03 ms, found 0 plugins.
Preloading 0 native plugins for Editor in 0.00 ms.
Unloading 1094 Unused Serialized files (Serialized files now loaded: 0)
System memory in use before: 58.1 MB.
System memory in use after: 58.2 MB.

Unloading 5 unused Assets to reduce memory usage. Loaded Objects now: 1623.
Total: 4.952400 ms (FindLiveObjects: 0.334900 ms CreateObjectMapping: 0.138700 ms MarkObjects: 4.357100 ms  DeleteObjects: 0.117700 ms)

========================================================================
Received Prepare
Registering precompiled user dll's ...
Registered in 0.004985 seconds.
Begin MonoManager ReloadAssembly
Native extension for WindowsStandalone target not found
Refreshing native plugins compatible for Editor in 0.57 ms, found 0 plugins.
Preloading 0 native plugins for Editor in 0.00 ms.
Invoked RoslynAnalysisRunner static constructor.
RoslynAnalysisRunner will not be running.
RoslynAnalysisRunner has terminated.
Mono: successfully reloaded assembly
- Completed reload, in  4.055 seconds
Platform modules already initialized, skipping
Refreshing native plugins compatible for Editor in 0.80 ms, found 0 plugins.
Preloading 0 native plugins for Editor in 0.00 ms.
Unloading 1094 Unused Serialized files (Serialized files now loaded: 0)
System memory in use before: 58.2 MB.
System memory in use after: 58.3 MB.

Unloading 5 unused Assets to reduce memory usage. Loaded Objects now: 1625.
Total: 7.159800 ms (FindLiveObjects: 0.554700 ms CreateObjectMapping: 0.206800 ms MarkObjects: 6.235400 ms  DeleteObjects: 0.158700 ms)

========================================================================
Received Prepare
Registering precompiled user dll's ...
Registered in 0.003103 seconds.
Begin MonoManager ReloadAssembly
Native extension for WindowsStandalone target not found
Refreshing native plugins compatible for Editor in 0.86 ms, found 0 plugins.
Preloading 0 native plugins for Editor in 0.00 ms.
Invoked RoslynAnalysisRunner static constructor.
RoslynAnalysisRunner will not be running.
RoslynAnalysisRunner has terminated.
Mono: successfully reloaded assembly
- Completed reload, in  5.058 seconds
Platform modules already initialized, skipping
Refreshing native plugins compatible for Editor in 0.87 ms, found 0 plugins.
Preloading 0 native plugins for Editor in 0.00 ms.
Unloading 1094 Unused Serialized files (Serialized files now loaded: 0)
System memory in use before: 58.2 MB.
System memory in use after: 58.3 MB.

Unloading 5 unused Assets to reduce memory usage. Loaded Objects now: 1627.
Total: 17.961700 ms (FindLiveObjects: 0.730300 ms CreateObjectMapping: 0.311000 ms MarkObjects: 16.715400 ms  DeleteObjects: 0.198500 ms)

========================================================================
Received Prepare
Registering precompiled user dll's ...
Registered in 0.002485 seconds.
Begin MonoManager ReloadAssembly
Native extension for WindowsStandalone target not found
Refreshing native plugins compatible for Editor in 1.03 ms, found 0 plugins.
Preloading 0 native plugins for Editor in 0.00 ms.
Invoked RoslynAnalysisRunner static constructor.
RoslynAnalysisRunner will not be running.
RoslynAnalysisRunner has terminated.
Mono: successfully reloaded assembly
- Completed reload, in  4.977 seconds
Platform modules already initialized, skipping
Refreshing native plugins compatible for Editor in 3.01 ms, found 0 plugins.
Preloading 0 native plugins for Editor in 0.03 ms.
Unloading 1094 Unused Serialized files (Serialized files now loaded: 0)
System memory in use before: 58.3 MB.
System memory in use after: 58.4 MB.

Unloading 5 unused Assets to reduce memory usage. Loaded Objects now: 1629.
Total: 8.598300 ms (FindLiveObjects: 0.600100 ms CreateObjectMapping: 0.198800 ms MarkObjects: 7.549000 ms  DeleteObjects: 0.244000 ms)

========================================================================
Received Prepare
Registering precompiled user dll's ...
Registered in 0.005726 seconds.
Begin MonoManager ReloadAssembly
Native extension for WindowsStandalone target not found
Refreshing native plugins compatible for Editor in 1.01 ms, found 0 plugins.
Preloading 0 native plugins for Editor in 0.00 ms.
Invoked RoslynAnalysisRunner static constructor.
RoslynAnalysisRunner will not be running.
RoslynAnalysisRunner has terminated.
Mono: successfully reloaded assembly
- Completed reload, in  6.533 seconds
Platform modules already initialized, skipping
Refreshing native plugins compatible for Editor in 1.02 ms, found 0 plugins.
Preloading 0 native plugins for Editor in 0.00 ms.
Unloading 1094 Unused Serialized files (Serialized files now loaded: 0)
System memory in use before: 57.4 MB.
System memory in use after: 57.5 MB.

Unloading 5 unused Assets to reduce memory usage. Loaded Objects now: 1631.
Total: 12.777500 ms (FindLiveObjects: 1.561800 ms CreateObjectMapping: 0.442400 ms MarkObjects: 10.523900 ms  DeleteObjects: 0.240500 ms)

========================================================================
Received Prepare
Registering precompiled user dll's ...
Registered in 0.003800 seconds.
Begin MonoManager ReloadAssembly
Native extension for WindowsStandalone target not found
Refreshing native plugins compatible for Editor in 1.16 ms, found 0 plugins.
Preloading 0 native plugins for Editor in 0.00 ms.
Invoked RoslynAnalysisRunner static constructor.
RoslynAnalysisRunner will not be running.
RoslynAnalysisRunner has terminated.
Mono: successfully reloaded assembly
- Completed reload, in  4.620 seconds
Platform modules already initialized, skipping
Refreshing native plugins compatible for Editor in 1.02 ms, found 0 plugins.
Preloading 0 native plugins for Editor in 0.00 ms.
Unloading 1094 Unused Serialized files (Serialized files now loaded: 0)
System memory in use before: 57.5 MB.
System memory in use after: 57.5 MB.

Unloading 5 unused Assets to reduce memory usage. Loaded Objects now: 1633.
Total: 8.177600 ms (FindLiveObjects: 1.043900 ms CreateObjectMapping: 0.305800 ms MarkObjects: 6.643100 ms  DeleteObjects: 0.178900 ms)

========================================================================
Received Prepare
Registering precompiled user dll's ...
Registered in 0.004392 seconds.
Begin MonoManager ReloadAssembly
Native extension for WindowsStandalone target not found
Refreshing native plugins compatible for Editor in 2.86 ms, found 0 plugins.
Preloading 0 native plugins for Editor in 0.00 ms.
Invoked RoslynAnalysisRunner static constructor.
RoslynAnalysisRunner will not be running.
RoslynAnalysisRunner has terminated.
Mono: successfully reloaded assembly
- Completed reload, in  8.692 seconds
Platform modules already initialized, skipping
Refreshing native plugins compatible for Editor in 1.55 ms, found 0 plugins.
Preloading 0 native plugins for Editor in 0.00 ms.
Unloading 1094 Unused Serialized files (Serialized files now loaded: 0)
System memory in use before: 57.5 MB.
System memory in use after: 57.6 MB.

Unloading 5 unused Assets to reduce memory usage. Loaded Objects now: 1635.
Total: 5.368000 ms (FindLiveObjects: 0.314000 ms CreateObjectMapping: 0.117700 ms MarkObjects: 4.799400 ms  DeleteObjects: 0.133300 ms)

========================================================================
Received Prepare
Registering precompiled user dll's ...
Registered in 0.002560 seconds.
Begin MonoManager ReloadAssembly
Native extension for WindowsStandalone target not found
Refreshing native plugins compatible for Editor in 0.57 ms, found 0 plugins.
Preloading 0 native plugins for Editor in 0.00 ms.
Invoked RoslynAnalysisRunner static constructor.
RoslynAnalysisRunner will not be running.
RoslynAnalysisRunner has terminated.
Mono: successfully reloaded assembly
- Completed reload, in  3.798 seconds
Platform modules already initialized, skipping
Refreshing native plugins compatible for Editor in 0.92 ms, found 0 plugins.
Preloading 0 native plugins for Editor in 0.00 ms.
Unloading 1094 Unused Serialized files (Serialized files now loaded: 0)
System memory in use before: 57.6 MB.
System memory in use after: 57.7 MB.

Unloading 5 unused Assets to reduce memory usage. Loaded Objects now: 1637.
Total: 8.025100 ms (FindLiveObjects: 0.787900 ms CreateObjectMapping: 0.188400 ms MarkObjects: 6.908500 ms  DeleteObjects: 0.135700 ms)

========================================================================
Received Import Request.
  Time since last request: 938.527701 seconds.
  path: Assets/Scripts/Test4
  artifactKey: Guid(1a30a991a3a09c248809d4adfca52ffc) Importer(815301076,1909f56bfc062723c751e8b465ee728b)
Start importing Assets/Scripts/Test4 using Guid(1a30a991a3a09c248809d4adfca52ffc) Importer(815301076,1909f56bfc062723c751e8b465ee728b)  -> (artifact id: '45b37b9c81aa7120c63de4e336f002df') in 0.050492 seconds
  Import took 0.061794 seconds .

========================================================================
Received Import Request.
  Time since last request: 11.847816 seconds.
  path: Assets/Scripts/Test4/Test4.cs
  artifactKey: Guid(71b9ce7309634074aac586ae0972ae10) Importer(815301076,1909f56bfc062723c751e8b465ee728b)
Start importing Assets/Scripts/Test4/Test4.cs using Guid(71b9ce7309634074aac586ae0972ae10) Importer(815301076,1909f56bfc062723c751e8b465ee728b)  -> (artifact id: '5a9ba62704791411c69e1a151d9daab2') in 0.578707 seconds
  Import took 0.595504 seconds .

========================================================================
Received Prepare
Registering precompiled user dll's ...
Registered in 0.004451 seconds.
Begin MonoManager ReloadAssembly
Native extension for WindowsStandalone target not found
Refreshing native plugins compatible for Editor in 0.55 ms, found 0 plugins.
Preloading 0 native plugins for Editor in 0.00 ms.
Invoked RoslynAnalysisRunner static constructor.
RoslynAnalysisRunner will not be running.
RoslynAnalysisRunner has terminated.
Mono: successfully reloaded assembly
- Completed reload, in  3.843 seconds
Platform modules already initialized, skipping
Refreshing native plugins compatible for Editor in 0.86 ms, found 0 plugins.
Preloading 0 native plugins for Editor in 0.00 ms.
Unloading 1095 Unused Serialized files (Serialized files now loaded: 0)
System memory in use before: 57.7 MB.
System memory in use after: 57.8 MB.

Unloading 5 unused Assets to reduce memory usage. Loaded Objects now: 1640.
Total: 4.422000 ms (FindLiveObjects: 0.366500 ms CreateObjectMapping: 0.113800 ms MarkObjects: 3.810300 ms  DeleteObjects: 0.127900 ms)

========================================================================
Received Prepare
Registering precompiled user dll's ...
Registered in 0.004578 seconds.
Begin MonoManager ReloadAssembly
Native extension for WindowsStandalone target not found
Refreshing native plugins compatible for Editor in 0.51 ms, found 0 plugins.
Preloading 0 native plugins for Editor in 0.00 ms.
Invoked RoslynAnalysisRunner static constructor.
RoslynAnalysisRunner will not be running.
RoslynAnalysisRunner has terminated.
Mono: successfully reloaded assembly
- Completed reload, in  4.110 seconds
Platform modules already initialized, skipping
Refreshing native plugins compatible for Editor in 0.81 ms, found 0 plugins.
Preloading 0 native plugins for Editor in 0.00 ms.
Unloading 1095 Unused Serialized files (Serialized files now loaded: 0)
System memory in use before: 57.8 MB.
System memory in use after: 57.8 MB.

Unloading 5 unused Assets to reduce memory usage. Loaded Objects now: 1642.
Total: 8.676800 ms (FindLiveObjects: 0.795500 ms CreateObjectMapping: 0.232100 ms MarkObjects: 7.378500 ms  DeleteObjects: 0.265200 ms)

========================================================================
Received Prepare
Registering precompiled user dll's ...
Registered in 0.003634 seconds.
Begin MonoManager ReloadAssembly
Native extension for WindowsStandalone target not found
Refreshing native plugins compatible for Editor in 1.56 ms, found 0 plugins.
Preloading 0 native plugins for Editor in 0.00 ms.
Invoked RoslynAnalysisRunner static constructor.
RoslynAnalysisRunner will not be running.
RoslynAnalysisRunner has terminated.
Mono: successfully reloaded assembly
- Completed reload, in  4.591 seconds
Platform modules already initialized, skipping
Refreshing native plugins compatible for Editor in 0.82 ms, found 0 plugins.
Preloading 0 native plugins for Editor in 0.00 ms.
Unloading 1095 Unused Serialized files (Serialized files now loaded: 0)
System memory in use before: 57.8 MB.
System memory in use after: 57.9 MB.

Unloading 5 unused Assets to reduce memory usage. Loaded Objects now: 1644.
Total: 7.031600 ms (FindLiveObjects: 0.599400 ms CreateObjectMapping: 0.152600 ms MarkObjects: 6.135300 ms  DeleteObjects: 0.139800 ms)

========================================================================
Received Import Request.
  Time since last request: 636.136187 seconds.
  path: Assets/Scripts/Test4/Test4.cs
  artifactKey: Guid(71b9ce7309634074aac586ae0972ae10) Importer(815301076,1909f56bfc062723c751e8b465ee728b)
Start importing Assets/Scripts/Test4/Test4.cs using Guid(71b9ce7309634074aac586ae0972ae10) Importer(815301076,1909f56bfc062723c751e8b465ee728b)  -> (artifact id: '63f570161598efb8b4bf59413e870676') in 0.029326 seconds
  Import took 0.036860 seconds .

========================================================================
Received Prepare
Registering precompiled user dll's ...
Registered in 0.005988 seconds.
Begin MonoManager ReloadAssembly
Native extension for WindowsStandalone target not found
Refreshing native plugins compatible for Editor in 1.10 ms, found 0 plugins.
Preloading 0 native plugins for Editor in 0.00 ms.
Invoked RoslynAnalysisRunner static constructor.
RoslynAnalysisRunner will not be running.
RoslynAnalysisRunner has terminated.
Mono: successfully reloaded assembly
- Completed reload, in  6.121 seconds
Platform modules already initialized, skipping
Refreshing native plugins compatible for Editor in 3.22 ms, found 0 plugins.
Preloading 0 native plugins for Editor in 0.00 ms.
Unloading 1095 Unused Serialized files (Serialized files now loaded: 0)
System memory in use before: 57.9 MB.
System memory in use after: 58.0 MB.

Unloading 5 unused Assets to reduce memory usage. Loaded Objects now: 1646.
Total: 9.814300 ms (FindLiveObjects: 0.874200 ms CreateObjectMapping: 0.696600 ms MarkObjects: 8.070100 ms  DeleteObjects: 0.168300 ms)

========================================================================
Received Import Request.
  Time since last request: 250.539923 seconds.
  path: Assets/Scripts/Test4/Test4.cs
  artifactKey: Guid(71b9ce7309634074aac586ae0972ae10) Importer(815301076,1909f56bfc062723c751e8b465ee728b)
Start importing Assets/Scripts/Test4/Test4.cs using Guid(71b9ce7309634074aac586ae0972ae10) Importer(815301076,1909f56bfc062723c751e8b465ee728b)  -> (artifact id: 'fce4ba5d942b5a1246a83102c00688cd') in 0.038588 seconds
  Import took 0.049053 seconds .

